<html>
<head>
<title>TestNG:  Default test</title>
<link href="../testng.css" rel="stylesheet" type="text/css" />
<link href="../my-testng.css" rel="stylesheet" type="text/css" />

<style type="text/css">
.log { display: none;} 
.stack-trace { display: none;} 
</style>
<script type="text/javascript">
<!--
function flip(e) {
  current = e.style.display;
  if (current == 'block') {
    e.style.display = 'none';
    return 0;
  }
  else {
    e.style.display = 'block';
    return 1;
  }
}

function toggleBox(szDivId, elem, msg1, msg2)
{
  var res = -1;  if (document.getElementById) {
    res = flip(document.getElementById(szDivId));
  }
  else if (document.all) {
    // this is the way old msie versions work
    res = flip(document.all[szDivId]);
  }
  if(elem) {
    if(res == 0) elem.innerHTML = msg1; else elem.innerHTML = msg2;
  }

}

function toggleAllBoxes() {
  if (document.getElementsByTagName) {
    d = document.getElementsByTagName('div');
    for (i = 0; i < d.length; i++) {
      if (d[i].className == 'log') {
        flip(d[i]);
      }
    }
  }
}

// -->
</script>

</head>
<body>
<h2 align='center'>Default test</h2><table border='1' align="center">
<tr>
<td>Tests passed/Failed/Skipped:</td><td>0/1/0</td>
</tr><tr>
<td>Started on:</td><td>Mon Jul 13 10:40:25 IST 2020</td>
</tr>
<tr><td>Total time:</td><td>67 seconds (67679 ms)</td>
</tr><tr>
<td>Included groups:</td><td></td>
</tr><tr>
<td>Excluded groups:</td><td></td>
</tr>
</table><p/>
<small><i>(Hover the method name to see the test class name)</i></small><p/>
<table width='100%' border='1' class='invocation-failed'>
<tr><td colspan='4' align='center'><b>FAILED TESTS</b></td></tr>
<tr><td><b>Test method</b></td>
<td width="30%"><b>Exception</b></td>
<td width="10%"><b>Time (seconds)</b></td>
<td><b>Instance</b></td>
</tr>
<tr>
<td title='basicSelenium.ActionDemo.dragAndDrop()'><b>dragAndDrop</b><br>Test class: basicSelenium.ActionDemo</td>
<td><div><pre>org.openqa.selenium.WebDriverException: Failed to connect to binary FirefoxBinary(C:\Program Files\Mozilla Firefox\firefox.exe) on port 7055; process output follows: 
version 2018.08.22.1219-93becf29
1594617048033	addons.xpi	DEBUG	Registering manifest for C:\Program Files\Mozilla Firefox\browser\features\aushelper@mozilla.org.xpi
1594617048035	addons.xpi	DEBUG	Calling bootstrap method startup on aushelper@mozilla.org version 2.0
1594617048038	addons.xpi	DEBUG	Registering manifest for C:\Program Files\Mozilla Firefox\browser\features\firefox@getpocket.com.xpi
1594617048040	addons.xpi	DEBUG	Calling bootstrap method startup on firefox@getpocket.com version 1.0.5
1594617048368	addons.xpi	DEBUG	Registering manifest for C:\Program Files\Mozilla Firefox\browser\features\formautofill@mozilla.org.xpi
1594617048370	addons.xpi	DEBUG	Calling bootstrap method startup on formautofill@mozilla.org version 1.0
1594617048371	addons.xpi	DEBUG	Registering manifest for C:\Program Files\Mozilla Firefox\browser\features\onboarding@mozilla.org.xpi
1594617048373	addons.xpi	DEBUG	Calling bootstrap method startup on onboarding@mozilla.org version 1.0
1594617048373	addons.xpi	DEBUG	Registering manifest for C:\Program Files\Mozilla Firefox\browser\features\screenshots@mozilla.org.xpi
1594617048375	addons.xpi	DEBUG	Calling bootstrap method startup on screenshots@mozilla.org version 33.0.0
1594617048375	addons.xpi	DEBUG	Registering manifest for C:\Program Files\Mozilla Firefox\browser\features\webcompat-reporter@mozilla.org.xpi
1594617048377	addons.xpi	DEBUG	Calling bootstrap method startup on webcompat-reporter@mozilla.org version 1.0.0
1594617048377	addons.xpi	DEBUG	Registering manifest for C:\Program Files\Mozilla Firefox\browser\features\webcompat@mozilla.org.xpi
1594617048400	addons.xpi	DEBUG	Calling bootstrap method startup on webcompat@mozilla.org version 2.0
1594617048448	addons.manager	DEBUG	Registering shutdown blocker for XPIProvider
1594617048448	addons.manager	DEBUG	Provider finished startup: XPIProvider
1594617048448	addons.manager	DEBUG	Starting provider: LightweightThemeManager
1594617048448	addons.manager	DEBUG	Registering shutdown blocker for LightweightThemeManager
1594617048449	addons.manager	DEBUG	Provider finished startup: LightweightThemeManager
1594617048450	addons.manager	DEBUG	Starting provider: GMPProvider
1594617048501	addons.manager	DEBUG	Registering shutdown blocker for GMPProvider
1594617048501	addons.manager	DEBUG	Provider finished startup: GMPProvider
1594617048501	addons.manager	DEBUG	Starting provider: PluginProvider
1594617048501	addons.manager	DEBUG	Registering shutdown blocker for PluginProvider
1594617048502	addons.manager	DEBUG	Provider finished startup: PluginProvider
1594617048505	addons.manager	DEBUG	Completed startup sequence
1594617061260	addons.repository	DEBUG	No addons.json found.
[Child 6028, Chrome_ChildThread] WARNING: pipe error: 109: file z:/build/build/src/ipc/chromium/src/chrome/common/ipc_channel_win.cc, line 346
[Parent 6636, Gecko_IOThread] WARNING: file z:/build/build/src/ipc/chromium/src/base/process_util_win.cc, line 188
1594617079424	addons.xpi	DEBUG	Ignoring file: name is not a valid add-on ID: C:\Users\DELL\AppData\Local\Temp\anonymous4657288282724420747webdriver-profile\extensions\webdriver-staging
1594617079426	addons.xpi	DEBUG	Existing add-on activity-stream@mozilla.org in app-system-defaults
1594617079435	addons.xpi	DEBUG	Existing add-on aushelper@mozilla.org in app-system-defaults
1594617079436	addons.xpi	DEBUG	Existing add-on firefox@getpocket.com in app-system-defaults
1594617079438	addons.xpi	DEBUG	Existing add-on formautofill@mozilla.org in app-system-defaults
1594617079439	addons.xpi	DEBUG	Existing add-on onboarding@mozilla.org in app-system-defaults
1594617079440	addons.xpi	DEBUG	Existing add-on screenshots@mozilla.org in app-system-defaults
1594617079441	addons.xpi	DEBUG	Existing add-on webcompat-reporter@mozilla.org in app-system-defaults
1594617079442	addons.xpi	DEBUG	Existing add-on webcompat@mozilla.org in app-system-defaults
1594617079444	addons.xpi	DEBUG	scanForChanges changed: false, state: {}
JavaScript error: resource://gre/modules/addons/XPIProvider.jsm, line 2583: TypeError: addon is null

Build info: version: &apos;2.53.1&apos;, revision: &apos;a36b8b1cd5757287168e54b817830adce9b0158d&apos;, time: &apos;2016-06-30 19:26:09&apos;
System info: host: &apos;DELL-PC&apos;, ip: &apos;192.168.56.1&apos;, os.name: &apos;Windows 7&apos;, os.arch: &apos;amd64&apos;, os.version: &apos;6.1&apos;, java.version: &apos;1.8.0_151&apos;
Driver info: driver.version: FirefoxDriver
	at org.openqa.selenium.firefox.internal.NewProfileExtensionConnection.start(NewProfileExtensionConnection.java:125)
	at org.openqa.selenium.firefox.FirefoxDriver.startClient(FirefoxDriver.java:271)
	at org.openqa.selenium.remote.RemoteWebDriver.&lt;init&gt;(RemoteWebDriver.java:119)
	at org.openqa.selenium.firefox.FirefoxDriver.&lt;init&gt;(FirefoxDriver.java:216)
	at org.openqa.selenium.firefox.FirefoxDriver.&lt;init&gt;(FirefoxDriver.java:211)
	at org.openqa.selenium.firefox.FirefoxDriver.&lt;init&gt;(FirefoxDriver.java:207)
	at org.openqa.selenium.firefox.FirefoxDriver.&lt;init&gt;(FirefoxDriver.java:120)
	at basicSelenium.ActionDemo.dragAndDrop(ActionDemo.java:17)
	at sun.reflect.NativeMethodAccessorImpl.invoke0(Native Method)
	at sun.reflect.NativeMethodAccessorImpl.invoke(NativeMethodAccessorImpl.java:62)
	at sun.reflect.DelegatingMethodAccessorImpl.invoke(DelegatingMethodAccessorImpl.java:43)
	at java.lang.reflect.Method.invoke(Method.java:498)
	at org.testng.internal.MethodInvocationHelper.invokeMethod(MethodInvocationHelper.java:124)
	at org.testng.internal.Invoker.invokeMethod(Invoker.java:580)
	at org.testng.internal.Invoker.invokeTestMethod(Invoker.java:716)
	at org.testng.internal.Invoker.invokeTestMethods(Invoker.java:988)
	at org.testng.internal.TestMethodWorker.invokeTestMethods(TestMethodWorker.java:125)
	at org.testng.internal.TestMethodWorker.run(TestMethodWorker.java:109)
	at org.testng.TestRunner.privateRun(TestRunner.java:648)
	at org.testng.TestRunner.run(TestRunner.java:505)
	at org.testng.SuiteRunner.runTest(SuiteRunner.java:455)
	at org.testng.SuiteRunner.runSequentially(SuiteRunner.java:450)
	at org.testng.SuiteRunner.privateRun(SuiteRunner.java:415)
	at org.testng.SuiteRunner.run(SuiteRunner.java:364)
	at org.testng.SuiteRunnerWorker.runSuite(SuiteRunnerWorker.java:52)
	at org.testng.SuiteRunnerWorker.run(SuiteRunnerWorker.java:84)
	at org.testng.TestNG.runSuitesSequentially(TestNG.java:1208)
	at org.testng.TestNG.runSuitesLocally(TestNG.java:1137)
	at org.testng.TestNG.runSuites(TestNG.java:1049)
	at org.testng.TestNG.run(TestNG.java:1017)
	at org.testng.remote.AbstractRemoteTestNG.run(AbstractRemoteTestNG.java:114)
	at org.testng.remote.RemoteTestNG.initAndRun(RemoteTestNG.java:251)
	at org.testng.remote.RemoteTestNG.main(RemoteTestNG.java:77)
Caused by: org.openqa.selenium.firefox.NotConnectedException: Unable to connect to host 127.0.0.1 on port 7055 after 45000 ms. Firefox console output:
version 2018.08.22.1219-93becf29
1594617048033	addons.xpi	DEBUG	Registering manifest for C:\Program Files\Mozilla Firefox\browser\features\aushelper@mozilla.org.xpi
1594617048035	addons.xpi	DEBUG	Calling bootstrap method startup on aushelper@mozilla.org version 2.0
1594617048038	addons.xpi	DEBUG	Registering manifest for C:\Program Files\Mozilla Firefox\browser\features\firefox@getpocket.com.xpi
1594617048040	addons.xpi	DEBUG	Calling bootstrap method startup on firefox@getpocket.com version 1.0.5
1594617048368	addons.xpi	DEBUG	Registering manifest for C:\Program Files\Mozilla Firefox\browser\features\formautofill@mozilla.org.xpi
1594617048370	addons.xpi	DEBUG	Calling bootstrap method startup on formautofill@mozilla.org version 1.0
1594617048371	addons.xpi	DEBUG	Registering manifest for C:\Program Files\Mozilla Firefox\browser\features\onboarding@mozilla.org.xpi
1594617048373	addons.xpi	DEBUG	Calling bootstrap method startup on onboarding@mozilla.org version 1.0
1594617048373	addons.xpi	DEBUG	Registering manifest for C:\Program Files\Mozilla Firefox\browser\features\screenshots@mozilla.org.xpi
1594617048375	addons.xpi	DEBUG	Calling bootstrap method startup on screenshots@mozilla.org version 33.0.0
1594617048375	addons.xpi	DEBUG	Registering manifest for C:\Program Files\Mozilla Firefox\browser\features\webcompat-reporter@mozilla.org.xpi
1594617048377	addons.xpi	DEBUG	Calling bootstrap method startup on webcompat-reporter@mozilla.org version 1.0.0
1594617048377	addons.xpi	DEBUG	Registering manifest for C:\Program Files\Mozilla Firefox\browser\features\webcompat@mozilla.org.xpi
1594617048400	addons.xpi	DEBUG	Calling bootstrap method startup on webcompat@mozilla.org version 2.0
1594617048448	addons.manager	DEBUG	Registering shutdown blocker for XPIProvider
1594617048448	addons.manager	DEBUG	Provider finished startup: XPIProvider
1594617048448	addons.manager	DEBUG	Starting provider: LightweightThemeManager
1594617048448	addons.manager	DEBUG	Registering shutdown blocker for LightweightThemeManager
1594617048449	addons.manager	DEBUG	Provider finished startup: LightweightThemeManager
1594617048450	addons.manager	DEBUG	Starting provider: GMPProvider
1594617048501	addons.manager	DEBUG	Registering shutdown blocker for GMPProvider
1594617048501	addons.manager	DEBUG	Provider finished startup: GMPProvider
1594617048501	addons.manager	DEBUG	Starting provider: PluginProvider
1594617048501	addons.manager	DEBUG	Registering shutdown blocker for PluginProvider
1594617048502	addons.manager	DEBUG	Provider finished startup: PluginProvider
1594617048505	addons.manager	DEBUG	Completed startup sequence
1594617061260	addons.repository	DEBUG	No addons.json found.
[Child 6028, Chrome_ChildThread] WARNING: pipe error: 109: file z:/build/build/src/ipc/chromium/src/chrome/common/ipc_channel_win.cc, line 346
[Parent 6636, Gecko_IOThread] WARNING: file z:/build/build/src/ipc/chromium/src/base/process_util_win.cc, line 188
1594617079424	addons.xpi	DEBUG	Ignoring file: name is not a valid add-on ID: C:\Users\DELL\AppData\Local\Temp\anonymous4657288282724420747webdriver-profile\extensions\webdriver-staging
1594617079426	addons.xpi	DEBUG	Existing add-on activity-stream@mozilla.org in app-system-defaults
1594617079435	addons.xpi	DEBUG	Existing add-on aushelper@mozilla.org in app-system-defaults
1594617079436	addons.xpi	DEBUG	Existing add-on firefox@getpocket.com in app-system-defaults
1594617079438	addons.xpi	DEBUG	Existing add-on formautofill@mozilla.org in app-system-defaults
1594617079439	addons.xpi	DEBUG	Existing add-on onboarding@mozilla.org in app-system-defaults
1594617079440	addons.xpi	DEBUG	Existing add-on screenshots@mozilla.org in app-system-defaults
1594617079441	addons.xpi	DEBUG	Existing add-on webcompat-reporter@mozilla.org in app-system-defaults
1594617079442	addons.xpi	DEBUG	Existing add-on webcompat@mozilla.org in app-system-defaults
1594617079444	addons.xpi	DEBUG	scanForChanges changed: false, state: {}
JavaScript error: resource://gre/modules/addons/XPIProvider.jsm, line 2583: TypeError: addon is null

	at org.openqa.selenium.firefox.internal.NewProfileExtensionConnection.start(NewProfileExtensionConnection.java:113)
	... 32 more
</pre></div><a href='#' onClick='toggleBox("stack-trace1261198850", this, "Click to show all stack frames", "Click to hide stack frames")'>Click to show all stack frames</a>
<div class='stack-trace' id='stack-trace1261198850'><pre>org.openqa.selenium.WebDriverException: Failed to connect to binary FirefoxBinary(C:\Program Files\Mozilla Firefox\firefox.exe) on port 7055; process output follows: 
version 2018.08.22.1219-93becf29
1594617048033	addons.xpi	DEBUG	Registering manifest for C:\Program Files\Mozilla Firefox\browser\features\aushelper@mozilla.org.xpi
1594617048035	addons.xpi	DEBUG	Calling bootstrap method startup on aushelper@mozilla.org version 2.0
1594617048038	addons.xpi	DEBUG	Registering manifest for C:\Program Files\Mozilla Firefox\browser\features\firefox@getpocket.com.xpi
1594617048040	addons.xpi	DEBUG	Calling bootstrap method startup on firefox@getpocket.com version 1.0.5
1594617048368	addons.xpi	DEBUG	Registering manifest for C:\Program Files\Mozilla Firefox\browser\features\formautofill@mozilla.org.xpi
1594617048370	addons.xpi	DEBUG	Calling bootstrap method startup on formautofill@mozilla.org version 1.0
1594617048371	addons.xpi	DEBUG	Registering manifest for C:\Program Files\Mozilla Firefox\browser\features\onboarding@mozilla.org.xpi
1594617048373	addons.xpi	DEBUG	Calling bootstrap method startup on onboarding@mozilla.org version 1.0
1594617048373	addons.xpi	DEBUG	Registering manifest for C:\Program Files\Mozilla Firefox\browser\features\screenshots@mozilla.org.xpi
1594617048375	addons.xpi	DEBUG	Calling bootstrap method startup on screenshots@mozilla.org version 33.0.0
1594617048375	addons.xpi	DEBUG	Registering manifest for C:\Program Files\Mozilla Firefox\browser\features\webcompat-reporter@mozilla.org.xpi
1594617048377	addons.xpi	DEBUG	Calling bootstrap method startup on webcompat-reporter@mozilla.org version 1.0.0
1594617048377	addons.xpi	DEBUG	Registering manifest for C:\Program Files\Mozilla Firefox\browser\features\webcompat@mozilla.org.xpi
1594617048400	addons.xpi	DEBUG	Calling bootstrap method startup on webcompat@mozilla.org version 2.0
1594617048448	addons.manager	DEBUG	Registering shutdown blocker for XPIProvider
1594617048448	addons.manager	DEBUG	Provider finished startup: XPIProvider
1594617048448	addons.manager	DEBUG	Starting provider: LightweightThemeManager
1594617048448	addons.manager	DEBUG	Registering shutdown blocker for LightweightThemeManager
1594617048449	addons.manager	DEBUG	Provider finished startup: LightweightThemeManager
1594617048450	addons.manager	DEBUG	Starting provider: GMPProvider
1594617048501	addons.manager	DEBUG	Registering shutdown blocker for GMPProvider
1594617048501	addons.manager	DEBUG	Provider finished startup: GMPProvider
1594617048501	addons.manager	DEBUG	Starting provider: PluginProvider
1594617048501	addons.manager	DEBUG	Registering shutdown blocker for PluginProvider
1594617048502	addons.manager	DEBUG	Provider finished startup: PluginProvider
1594617048505	addons.manager	DEBUG	Completed startup sequence
1594617061260	addons.repository	DEBUG	No addons.json found.
[Child 6028, Chrome_ChildThread] WARNING: pipe error: 109: file z:/build/build/src/ipc/chromium/src/chrome/common/ipc_channel_win.cc, line 346
[Parent 6636, Gecko_IOThread] WARNING: file z:/build/build/src/ipc/chromium/src/base/process_util_win.cc, line 188
1594617079424	addons.xpi	DEBUG	Ignoring file: name is not a valid add-on ID: C:\Users\DELL\AppData\Local\Temp\anonymous4657288282724420747webdriver-profile\extensions\webdriver-staging
1594617079426	addons.xpi	DEBUG	Existing add-on activity-stream@mozilla.org in app-system-defaults
1594617079435	addons.xpi	DEBUG	Existing add-on aushelper@mozilla.org in app-system-defaults
1594617079436	addons.xpi	DEBUG	Existing add-on firefox@getpocket.com in app-system-defaults
1594617079438	addons.xpi	DEBUG	Existing add-on formautofill@mozilla.org in app-system-defaults
1594617079439	addons.xpi	DEBUG	Existing add-on onboarding@mozilla.org in app-system-defaults
1594617079440	addons.xpi	DEBUG	Existing add-on screenshots@mozilla.org in app-system-defaults
1594617079441	addons.xpi	DEBUG	Existing add-on webcompat-reporter@mozilla.org in app-system-defaults
1594617079442	addons.xpi	DEBUG	Existing add-on webcompat@mozilla.org in app-system-defaults
1594617079444	addons.xpi	DEBUG	scanForChanges changed: false, state: {}
JavaScript error: resource://gre/modules/addons/XPIProvider.jsm, line 2583: TypeError: addon is null

Build info: version: &apos;2.53.1&apos;, revision: &apos;a36b8b1cd5757287168e54b817830adce9b0158d&apos;, time: &apos;2016-06-30 19:26:09&apos;
System info: host: &apos;DELL-PC&apos;, ip: &apos;192.168.56.1&apos;, os.name: &apos;Windows 7&apos;, os.arch: &apos;amd64&apos;, os.version: &apos;6.1&apos;, java.version: &apos;1.8.0_151&apos;
Driver info: driver.version: FirefoxDriver
	at org.openqa.selenium.firefox.internal.NewProfileExtensionConnection.start(NewProfileExtensionConnection.java:125)
	at org.openqa.selenium.firefox.FirefoxDriver.startClient(FirefoxDriver.java:271)
	at org.openqa.selenium.remote.RemoteWebDriver.&lt;init&gt;(RemoteWebDriver.java:119)
	at org.openqa.selenium.firefox.FirefoxDriver.&lt;init&gt;(FirefoxDriver.java:216)
	at org.openqa.selenium.firefox.FirefoxDriver.&lt;init&gt;(FirefoxDriver.java:211)
	at org.openqa.selenium.firefox.FirefoxDriver.&lt;init&gt;(FirefoxDriver.java:207)
	at org.openqa.selenium.firefox.FirefoxDriver.&lt;init&gt;(FirefoxDriver.java:120)
	at basicSelenium.ActionDemo.dragAndDrop(ActionDemo.java:17)
	at sun.reflect.NativeMethodAccessorImpl.invoke0(Native Method)
	at sun.reflect.NativeMethodAccessorImpl.invoke(NativeMethodAccessorImpl.java:62)
	at sun.reflect.DelegatingMethodAccessorImpl.invoke(DelegatingMethodAccessorImpl.java:43)
	at java.lang.reflect.Method.invoke(Method.java:498)
	at org.testng.internal.MethodInvocationHelper.invokeMethod(MethodInvocationHelper.java:124)
	at org.testng.internal.Invoker.invokeMethod(Invoker.java:580)
	at org.testng.internal.Invoker.invokeTestMethod(Invoker.java:716)
	at org.testng.internal.Invoker.invokeTestMethods(Invoker.java:988)
	at org.testng.internal.TestMethodWorker.invokeTestMethods(TestMethodWorker.java:125)
	at org.testng.internal.TestMethodWorker.run(TestMethodWorker.java:109)
	at org.testng.TestRunner.privateRun(TestRunner.java:648)
	at org.testng.TestRunner.run(TestRunner.java:505)
	at org.testng.SuiteRunner.runTest(SuiteRunner.java:455)
	at org.testng.SuiteRunner.runSequentially(SuiteRunner.java:450)
	at org.testng.SuiteRunner.privateRun(SuiteRunner.java:415)
	at org.testng.SuiteRunner.run(SuiteRunner.java:364)
	at org.testng.SuiteRunnerWorker.runSuite(SuiteRunnerWorker.java:52)
	at org.testng.SuiteRunnerWorker.run(SuiteRunnerWorker.java:84)
	at org.testng.TestNG.runSuitesSequentially(TestNG.java:1208)
	at org.testng.TestNG.runSuitesLocally(TestNG.java:1137)
	at org.testng.TestNG.runSuites(TestNG.java:1049)
	at org.testng.TestNG.run(TestNG.java:1017)
	at org.testng.remote.AbstractRemoteTestNG.run(AbstractRemoteTestNG.java:114)
	at org.testng.remote.RemoteTestNG.initAndRun(RemoteTestNG.java:251)
	at org.testng.remote.RemoteTestNG.main(RemoteTestNG.java:77)
Caused by: org.openqa.selenium.firefox.NotConnectedException: Unable to connect to host 127.0.0.1 on port 7055 after 45000 ms. Firefox console output:
version 2018.08.22.1219-93becf29
1594617048033	addons.xpi	DEBUG	Registering manifest for C:\Program Files\Mozilla Firefox\browser\features\aushelper@mozilla.org.xpi
1594617048035	addons.xpi	DEBUG	Calling bootstrap method startup on aushelper@mozilla.org version 2.0
1594617048038	addons.xpi	DEBUG	Registering manifest for C:\Program Files\Mozilla Firefox\browser\features\firefox@getpocket.com.xpi
1594617048040	addons.xpi	DEBUG	Calling bootstrap method startup on firefox@getpocket.com version 1.0.5
1594617048368	addons.xpi	DEBUG	Registering manifest for C:\Program Files\Mozilla Firefox\browser\features\formautofill@mozilla.org.xpi
1594617048370	addons.xpi	DEBUG	Calling bootstrap method startup on formautofill@mozilla.org version 1.0
1594617048371	addons.xpi	DEBUG	Registering manifest for C:\Program Files\Mozilla Firefox\browser\features\onboarding@mozilla.org.xpi
1594617048373	addons.xpi	DEBUG	Calling bootstrap method startup on onboarding@mozilla.org version 1.0
1594617048373	addons.xpi	DEBUG	Registering manifest for C:\Program Files\Mozilla Firefox\browser\features\screenshots@mozilla.org.xpi
1594617048375	addons.xpi	DEBUG	Calling bootstrap method startup on screenshots@mozilla.org version 33.0.0
1594617048375	addons.xpi	DEBUG	Registering manifest for C:\Program Files\Mozilla Firefox\browser\features\webcompat-reporter@mozilla.org.xpi
1594617048377	addons.xpi	DEBUG	Calling bootstrap method startup on webcompat-reporter@mozilla.org version 1.0.0
1594617048377	addons.xpi	DEBUG	Registering manifest for C:\Program Files\Mozilla Firefox\browser\features\webcompat@mozilla.org.xpi
1594617048400	addons.xpi	DEBUG	Calling bootstrap method startup on webcompat@mozilla.org version 2.0
1594617048448	addons.manager	DEBUG	Registering shutdown blocker for XPIProvider
1594617048448	addons.manager	DEBUG	Provider finished startup: XPIProvider
1594617048448	addons.manager	DEBUG	Starting provider: LightweightThemeManager
1594617048448	addons.manager	DEBUG	Registering shutdown blocker for LightweightThemeManager
1594617048449	addons.manager	DEBUG	Provider finished startup: LightweightThemeManager
1594617048450	addons.manager	DEBUG	Starting provider: GMPProvider
1594617048501	addons.manager	DEBUG	Registering shutdown blocker for GMPProvider
1594617048501	addons.manager	DEBUG	Provider finished startup: GMPProvider
1594617048501	addons.manager	DEBUG	Starting provider: PluginProvider
1594617048501	addons.manager	DEBUG	Registering shutdown blocker for PluginProvider
1594617048502	addons.manager	DEBUG	Provider finished startup: PluginProvider
1594617048505	addons.manager	DEBUG	Completed startup sequence
1594617061260	addons.repository	DEBUG	No addons.json found.
[Child 6028, Chrome_ChildThread] WARNING: pipe error: 109: file z:/build/build/src/ipc/chromium/src/chrome/common/ipc_channel_win.cc, line 346
[Parent 6636, Gecko_IOThread] WARNING: file z:/build/build/src/ipc/chromium/src/base/process_util_win.cc, line 188
1594617079424	addons.xpi	DEBUG	Ignoring file: name is not a valid add-on ID: C:\Users\DELL\AppData\Local\Temp\anonymous4657288282724420747webdriver-profile\extensions\webdriver-staging
1594617079426	addons.xpi	DEBUG	Existing add-on activity-stream@mozilla.org in app-system-defaults
1594617079435	addons.xpi	DEBUG	Existing add-on aushelper@mozilla.org in app-system-defaults
1594617079436	addons.xpi	DEBUG	Existing add-on firefox@getpocket.com in app-system-defaults
1594617079438	addons.xpi	DEBUG	Existing add-on formautofill@mozilla.org in app-system-defaults
1594617079439	addons.xpi	DEBUG	Existing add-on onboarding@mozilla.org in app-system-defaults
1594617079440	addons.xpi	DEBUG	Existing add-on screenshots@mozilla.org in app-system-defaults
1594617079441	addons.xpi	DEBUG	Existing add-on webcompat-reporter@mozilla.org in app-system-defaults
1594617079442	addons.xpi	DEBUG	Existing add-on webcompat@mozilla.org in app-system-defaults
1594617079444	addons.xpi	DEBUG	scanForChanges changed: false, state: {}
JavaScript error: resource://gre/modules/addons/XPIProvider.jsm, line 2583: TypeError: addon is null

	at org.openqa.selenium.firefox.internal.NewProfileExtensionConnection.start(NewProfileExtensionConnection.java:113)
	... 32 more
</pre></div></td>
<td>67</td>
<td>basicSelenium.ActionDemo@1b26f7b2</td></tr>
</table><p>
</body>
</html>