<!DOCTYPE html PUBLIC "-//W3C//DTD XHTML 1.1//EN" "http://www.w3.org/TR/xhtml11/DTD/xhtml11.dtd">
<html xmlns="http://www.w3.org/1999/xhtml">
<head>
<meta http-equiv="content-type" content="text/html; charset=UTF-8"/>
<title>TestNG Report</title>
<style type="text/css">table {margin-bottom:10px;border-collapse:collapse;empty-cells:show}th,td {border:1px solid #009;padding:.25em .5em}th {vertical-align:bottom}td {vertical-align:top}table a {font-weight:bold}.stripe td {background-color: #E6EBF9}.num {text-align:right}.passedodd td {background-color: #3F3}.passedeven td {background-color: #0A0}.skippedodd td {background-color: #DDD}.skippedeven td {background-color: #CCC}.failedodd td,.attn {background-color: #F33}.failedeven td,.stripe .attn {background-color: #D00}.stacktrace {white-space:pre;font-family:monospace}.totop {font-size:85%;text-align:center;border-bottom:2px solid #000}.invisible {display:none}</style>
</head>
<body>
<table>
<tr><th>Test</th><th># Passed</th><th># Skipped</th><th># Failed</th><th>Time (ms)</th><th>Included Groups</th><th>Excluded Groups</th></tr>
<tr><th colspan="7">Default suite</th></tr>
<tr><td><a href="#t0">Default test</a></td><td class="num">0</td><td class="num">0</td><td class="num attn">1</td><td class="num">67,679</td><td></td><td></td></tr>
</table>
<table id='summary'><thead><tr><th>Class</th><th>Method</th><th>Start</th><th>Time (ms)</th></tr></thead><tbody><tr><th colspan="4">Default suite</th></tr></tbody><tbody id="t0"><tr><th colspan="4">Default test &#8212; failed</th></tr><tr class="failedeven"><td rowspan="1">basicSelenium.ActionDemo</td><td><a href="#m0">dragAndDrop</a></td><td rowspan="1">1594617025701</td><td rowspan="1">67513</td></tr></tbody>
</table>
<h2>Default test</h2><h3 id="m0">basicSelenium.ActionDemo#dragAndDrop</h3><table class="result"><tr><th>Exception</th></tr><tr><td><div class="stacktrace">org.openqa.selenium.WebDriverException: Failed to connect to binary FirefoxBinary(C:\Program Files\Mozilla Firefox\firefox.exe) on port 7055; process output follows: 
version 2018.08.22.1219-93becf29
1594617048033	addons.xpi	DEBUG	Registering manifest for C:\Program Files\Mozilla Firefox\browser\features\aushelper@mozilla.org.xpi
1594617048035	addons.xpi	DEBUG	Calling bootstrap method startup on aushelper@mozilla.org version 2.0
1594617048038	addons.xpi	DEBUG	Registering manifest for C:\Program Files\Mozilla Firefox\browser\features\firefox@getpocket.com.xpi
1594617048040	addons.xpi	DEBUG	Calling bootstrap method startup on firefox@getpocket.com version 1.0.5
1594617048368	addons.xpi	DEBUG	Registering manifest for C:\Program Files\Mozilla Firefox\browser\features\formautofill@mozilla.org.xpi
1594617048370	addons.xpi	DEBUG	Calling bootstrap method startup on formautofill@mozilla.org version 1.0
1594617048371	addons.xpi	DEBUG	Registering manifest for C:\Program Files\Mozilla Firefox\browser\features\onboarding@mozilla.org.xpi
1594617048373	addons.xpi	DEBUG	Calling bootstrap method startup on onboarding@mozilla.org version 1.0
1594617048373	addons.xpi	DEBUG	Registering manifest for C:\Program Files\Mozilla Firefox\browser\features\screenshots@mozilla.org.xpi
1594617048375	addons.xpi	DEBUG	Calling bootstrap method startup on screenshots@mozilla.org version 33.0.0
1594617048375	addons.xpi	DEBUG	Registering manifest for C:\Program Files\Mozilla Firefox\browser\features\webcompat-reporter@mozilla.org.xpi
1594617048377	addons.xpi	DEBUG	Calling bootstrap method startup on webcompat-reporter@mozilla.org version 1.0.0
1594617048377	addons.xpi	DEBUG	Registering manifest for C:\Program Files\Mozilla Firefox\browser\features\webcompat@mozilla.org.xpi
1594617048400	addons.xpi	DEBUG	Calling bootstrap method startup on webcompat@mozilla.org version 2.0
1594617048448	addons.manager	DEBUG	Registering shutdown blocker for XPIProvider
1594617048448	addons.manager	DEBUG	Provider finished startup: XPIProvider
1594617048448	addons.manager	DEBUG	Starting provider: LightweightThemeManager
1594617048448	addons.manager	DEBUG	Registering shutdown blocker for LightweightThemeManager
1594617048449	addons.manager	DEBUG	Provider finished startup: LightweightThemeManager
1594617048450	addons.manager	DEBUG	Starting provider: GMPProvider
1594617048501	addons.manager	DEBUG	Registering shutdown blocker for GMPProvider
1594617048501	addons.manager	DEBUG	Provider finished startup: GMPProvider
1594617048501	addons.manager	DEBUG	Starting provider: PluginProvider
1594617048501	addons.manager	DEBUG	Registering shutdown blocker for PluginProvider
1594617048502	addons.manager	DEBUG	Provider finished startup: PluginProvider
1594617048505	addons.manager	DEBUG	Completed startup sequence
1594617061260	addons.repository	DEBUG	No addons.json found.
[Child 6028, Chrome_ChildThread] WARNING: pipe error: 109: file z:/build/build/src/ipc/chromium/src/chrome/common/ipc_channel_win.cc, line 346
[Parent 6636, Gecko_IOThread] WARNING: file z:/build/build/src/ipc/chromium/src/base/process_util_win.cc, line 188
1594617079424	addons.xpi	DEBUG	Ignoring file: name is not a valid add-on ID: C:\Users\DELL\AppData\Local\Temp\anonymous4657288282724420747webdriver-profile\extensions\webdriver-staging
1594617079426	addons.xpi	DEBUG	Existing add-on activity-stream@mozilla.org in app-system-defaults
1594617079435	addons.xpi	DEBUG	Existing add-on aushelper@mozilla.org in app-system-defaults
1594617079436	addons.xpi	DEBUG	Existing add-on firefox@getpocket.com in app-system-defaults
1594617079438	addons.xpi	DEBUG	Existing add-on formautofill@mozilla.org in app-system-defaults
1594617079439	addons.xpi	DEBUG	Existing add-on onboarding@mozilla.org in app-system-defaults
1594617079440	addons.xpi	DEBUG	Existing add-on screenshots@mozilla.org in app-system-defaults
1594617079441	addons.xpi	DEBUG	Existing add-on webcompat-reporter@mozilla.org in app-system-defaults
1594617079442	addons.xpi	DEBUG	Existing add-on webcompat@mozilla.org in app-system-defaults
1594617079444	addons.xpi	DEBUG	scanForChanges changed: false, state: {}
JavaScript error: resource://gre/modules/addons/XPIProvider.jsm, line 2583: TypeError: addon is null

Build info: version: &apos;2.53.1&apos;, revision: &apos;a36b8b1cd5757287168e54b817830adce9b0158d&apos;, time: &apos;2016-06-30 19:26:09&apos;
System info: host: &apos;DELL-PC&apos;, ip: &apos;192.168.56.1&apos;, os.name: &apos;Windows 7&apos;, os.arch: &apos;amd64&apos;, os.version: &apos;6.1&apos;, java.version: &apos;1.8.0_151&apos;
Driver info: driver.version: FirefoxDriver
	at org.openqa.selenium.firefox.internal.NewProfileExtensionConnection.start(NewProfileExtensionConnection.java:125)
	at org.openqa.selenium.firefox.FirefoxDriver.startClient(FirefoxDriver.java:271)
	at org.openqa.selenium.remote.RemoteWebDriver.&lt;init&gt;(RemoteWebDriver.java:119)
	at org.openqa.selenium.firefox.FirefoxDriver.&lt;init&gt;(FirefoxDriver.java:216)
	at org.openqa.selenium.firefox.FirefoxDriver.&lt;init&gt;(FirefoxDriver.java:211)
	at org.openqa.selenium.firefox.FirefoxDriver.&lt;init&gt;(FirefoxDriver.java:207)
	at org.openqa.selenium.firefox.FirefoxDriver.&lt;init&gt;(FirefoxDriver.java:120)
	at basicSelenium.ActionDemo.dragAndDrop(ActionDemo.java:17)
	at sun.reflect.NativeMethodAccessorImpl.invoke0(Native Method)
	at sun.reflect.NativeMethodAccessorImpl.invoke(NativeMethodAccessorImpl.java:62)
	at sun.reflect.DelegatingMethodAccessorImpl.invoke(DelegatingMethodAccessorImpl.java:43)
	at java.lang.reflect.Method.invoke(Method.java:498)
	at org.testng.internal.MethodInvocationHelper.invokeMethod(MethodInvocationHelper.java:124)
	at org.testng.internal.Invoker.invokeMethod(Invoker.java:580)
	at org.testng.internal.Invoker.invokeTestMethod(Invoker.java:716)
	at org.testng.internal.Invoker.invokeTestMethods(Invoker.java:988)
	at org.testng.internal.TestMethodWorker.invokeTestMethods(TestMethodWorker.java:125)
	at org.testng.internal.TestMethodWorker.run(TestMethodWorker.java:109)
	at org.testng.TestRunner.privateRun(TestRunner.java:648)
	at org.testng.TestRunner.run(TestRunner.java:505)
	at org.testng.SuiteRunner.runTest(SuiteRunner.java:455)
	at org.testng.SuiteRunner.runSequentially(SuiteRunner.java:450)
	at org.testng.SuiteRunner.privateRun(SuiteRunner.java:415)
	at org.testng.SuiteRunner.run(SuiteRunner.java:364)
	at org.testng.SuiteRunnerWorker.runSuite(SuiteRunnerWorker.java:52)
	at org.testng.SuiteRunnerWorker.run(SuiteRunnerWorker.java:84)
	at org.testng.TestNG.runSuitesSequentially(TestNG.java:1208)
	at org.testng.TestNG.runSuitesLocally(TestNG.java:1137)
	at org.testng.TestNG.runSuites(TestNG.java:1049)
	at org.testng.TestNG.run(TestNG.java:1017)
	at org.testng.remote.AbstractRemoteTestNG.run(AbstractRemoteTestNG.java:114)
	at org.testng.remote.RemoteTestNG.initAndRun(RemoteTestNG.java:251)
	at org.testng.remote.RemoteTestNG.main(RemoteTestNG.java:77)
Caused by: org.openqa.selenium.firefox.NotConnectedException: Unable to connect to host 127.0.0.1 on port 7055 after 45000 ms. Firefox console output:
version 2018.08.22.1219-93becf29
1594617048033	addons.xpi	DEBUG	Registering manifest for C:\Program Files\Mozilla Firefox\browser\features\aushelper@mozilla.org.xpi
1594617048035	addons.xpi	DEBUG	Calling bootstrap method startup on aushelper@mozilla.org version 2.0
1594617048038	addons.xpi	DEBUG	Registering manifest for C:\Program Files\Mozilla Firefox\browser\features\firefox@getpocket.com.xpi
1594617048040	addons.xpi	DEBUG	Calling bootstrap method startup on firefox@getpocket.com version 1.0.5
1594617048368	addons.xpi	DEBUG	Registering manifest for C:\Program Files\Mozilla Firefox\browser\features\formautofill@mozilla.org.xpi
1594617048370	addons.xpi	DEBUG	Calling bootstrap method startup on formautofill@mozilla.org version 1.0
1594617048371	addons.xpi	DEBUG	Registering manifest for C:\Program Files\Mozilla Firefox\browser\features\onboarding@mozilla.org.xpi
1594617048373	addons.xpi	DEBUG	Calling bootstrap method startup on onboarding@mozilla.org version 1.0
1594617048373	addons.xpi	DEBUG	Registering manifest for C:\Program Files\Mozilla Firefox\browser\features\screenshots@mozilla.org.xpi
1594617048375	addons.xpi	DEBUG	Calling bootstrap method startup on screenshots@mozilla.org version 33.0.0
1594617048375	addons.xpi	DEBUG	Registering manifest for C:\Program Files\Mozilla Firefox\browser\features\webcompat-reporter@mozilla.org.xpi
1594617048377	addons.xpi	DEBUG	Calling bootstrap method startup on webcompat-reporter@mozilla.org version 1.0.0
1594617048377	addons.xpi	DEBUG	Registering manifest for C:\Program Files\Mozilla Firefox\browser\features\webcompat@mozilla.org.xpi
1594617048400	addons.xpi	DEBUG	Calling bootstrap method startup on webcompat@mozilla.org version 2.0
1594617048448	addons.manager	DEBUG	Registering shutdown blocker for XPIProvider
1594617048448	addons.manager	DEBUG	Provider finished startup: XPIProvider
1594617048448	addons.manager	DEBUG	Starting provider: LightweightThemeManager
1594617048448	addons.manager	DEBUG	Registering shutdown blocker for LightweightThemeManager
1594617048449	addons.manager	DEBUG	Provider finished startup: LightweightThemeManager
1594617048450	addons.manager	DEBUG	Starting provider: GMPProvider
1594617048501	addons.manager	DEBUG	Registering shutdown blocker for GMPProvider
1594617048501	addons.manager	DEBUG	Provider finished startup: GMPProvider
1594617048501	addons.manager	DEBUG	Starting provider: PluginProvider
1594617048501	addons.manager	DEBUG	Registering shutdown blocker for PluginProvider
1594617048502	addons.manager	DEBUG	Provider finished startup: PluginProvider
1594617048505	addons.manager	DEBUG	Completed startup sequence
1594617061260	addons.repository	DEBUG	No addons.json found.
[Child 6028, Chrome_ChildThread] WARNING: pipe error: 109: file z:/build/build/src/ipc/chromium/src/chrome/common/ipc_channel_win.cc, line 346
[Parent 6636, Gecko_IOThread] WARNING: file z:/build/build/src/ipc/chromium/src/base/process_util_win.cc, line 188
1594617079424	addons.xpi	DEBUG	Ignoring file: name is not a valid add-on ID: C:\Users\DELL\AppData\Local\Temp\anonymous4657288282724420747webdriver-profile\extensions\webdriver-staging
1594617079426	addons.xpi	DEBUG	Existing add-on activity-stream@mozilla.org in app-system-defaults
1594617079435	addons.xpi	DEBUG	Existing add-on aushelper@mozilla.org in app-system-defaults
1594617079436	addons.xpi	DEBUG	Existing add-on firefox@getpocket.com in app-system-defaults
1594617079438	addons.xpi	DEBUG	Existing add-on formautofill@mozilla.org in app-system-defaults
1594617079439	addons.xpi	DEBUG	Existing add-on onboarding@mozilla.org in app-system-defaults
1594617079440	addons.xpi	DEBUG	Existing add-on screenshots@mozilla.org in app-system-defaults
1594617079441	addons.xpi	DEBUG	Existing add-on webcompat-reporter@mozilla.org in app-system-defaults
1594617079442	addons.xpi	DEBUG	Existing add-on webcompat@mozilla.org in app-system-defaults
1594617079444	addons.xpi	DEBUG	scanForChanges changed: false, state: {}
JavaScript error: resource://gre/modules/addons/XPIProvider.jsm, line 2583: TypeError: addon is null

	at org.openqa.selenium.firefox.internal.NewProfileExtensionConnection.start(NewProfileExtensionConnection.java:113)
	... 32 more
</div></td></tr></table><p class="totop"><a href="#summary">back to summary</a></p>
</body>
</html>
